"../../../../../../../../../../touro/thomas/ue/projects/4.25.2/DA_HelloWorld/Content/Letters/M_LetterBase.uasset" 0
"../../../Engine/Content/Functions/Engine_MaterialFunctions01/Opacity/CameraDepthFade.uasset" 1
"../../../Engine/Content/EngineMaterials/T_Default_Material_Grid_M.uasset" 2
"../../../Engine/Content/EngineMaterials/T_Default_Material_Grid_N.uasset" 3
"../../../Engine/Content/EngineMaterials/WorldGridMaterial.uasset" 4
"../../../../../../../../../../touro/thomas/ue/projects/4.25.2/DA_HelloWorld/Content/Letters/T2_D.uasset" 5
"../../../../../../../../../../touro/thomas/ue/projects/4.25.2/DA_HelloWorld/Content/Letters/T2_E.uasset" 6
"../../../../../../../../../../touro/thomas/ue/projects/4.25.2/DA_HelloWorld/Content/Letters/T2_H.uasset" 7
"../../../../../../../../../../touro/thomas/ue/projects/4.25.2/DA_HelloWorld/Content/Letters/T2_L.uasset" 8
"../../../../../../../../../../touro/thomas/ue/projects/4.25.2/DA_HelloWorld/Content/Letters/T2_O.uasset" 9
"../../../../../../../../../../touro/thomas/ue/projects/4.25.2/DA_HelloWorld/Content/Letters/T2_R.uasset" 10
"../../../../../../../../../../touro/thomas/ue/projects/4.25.2/DA_HelloWorld/Content/Letters/T2_W.uasset" 11
"../../../../../../../../../../touro/thomas/ue/projects/4.25.2/DA_HelloWorld/Content/HelloWorld_Letters.uasset" 12
"../../../../../../../../../../touro/thomas/ue/projects/4.25.2/DA_HelloWorld/Content/T2_H_Blueprint.uasset" 13
"../../../../../../../../../../touro/thomas/ue/projects/4.25.2/DA_HelloWorld/Content/ShapeBase.uasset" 14
"../../../../../../../../../../touro/thomas/ue/projects/4.25.2/DA_HelloWorld/Content/Beige.uasset" 15
"../../../../../../../../../../touro/thomas/ue/projects/4.25.2/DA_HelloWorld/Content/Letters/T1_A.uasset" 16
"../../../../../../../../../../touro/thomas/ue/projects/4.25.2/DA_HelloWorld/Content/Letters/T1_D.uasset" 17
"../../../../../../../../../../touro/thomas/ue/projects/4.25.2/DA_HelloWorld/Content/Letters/T1_E.uasset" 18
"../../../../../../../../../../touro/thomas/ue/projects/4.25.2/DA_HelloWorld/Content/Letters/T1_N.uasset" 19
"../../../../../../../../../../touro/thomas/ue/projects/4.25.2/DA_HelloWorld/Content/Letters/T1_R.uasset" 20
"../../../../../../../../../../touro/thomas/ue/projects/4.25.2/DA_HelloWorld/Content/Letters/T1_T.uasset" 21
"../../../../../../../../../../touro/thomas/ue/projects/4.25.2/DA_HelloWorld/Content/DataArena_Letters.uasset" 22
"../../../../../../../../../../touro/thomas/ue/projects/4.25.2/DA_HelloWorld/Content/T1_A_Blueprint.uasset" 23
"../../../../../../../../../../touro/thomas/ue/projects/4.25.2/DA_HelloWorld/Content/Floor/Stone_Tiles_004_basecolor.uasset" 24
"../../../../../../../../../../touro/thomas/ue/projects/4.25.2/DA_HelloWorld/Content/Floor/tileable_fine_wood_texture_texturise.uasset" 25
"../../../../../../../../../../touro/thomas/ue/projects/4.25.2/DA_HelloWorld/Content/Floor/Floor.uasset" 26
"../../../../../../../../../../touro/thomas/ue/projects/4.25.2/DA_HelloWorld/Content/Floor.uasset" 27
"../../../../../../../../../../touro/thomas/ue/projects/4.25.2/DA_HelloWorld/Content/Letters/M_LetterShiny.uasset" 28
"../../../../../../../../../../touro/thomas/ue/projects/4.25.2/DA_HelloWorld/Content/Floor/Stone_Tiles_004_roughness.uasset" 29
"../../../../../../../../../../touro/thomas/ue/projects/4.25.2/DA_HelloWorld/Content/Floor/Stone_Tiles_004_ambientOcclusion.uasset" 30
"../../../../../../../../../../touro/thomas/ue/projects/4.25.2/DA_HelloWorld/Content/Floor/Stone_Tiles_004_normal.uasset" 31
"../../../../../../../../../../touro/thomas/ue/projects/4.25.2/DA_HelloWorld/Content/Floor/Stone_Tiles_004_height.uasset" 32
"../../../Engine/Content/EditorSounds/Notifications/CompileFailed.uasset" 33
"../../../Engine/Content/EditorSounds/Notifications/CompileFailed_Cue.uasset" 34
"../../../Engine/Content/EditorSounds/Notifications/CompileSuccess.uasset" 35
"../../../Engine/Content/EditorSounds/Notifications/CompileStart_Cue.uasset" 36
"../../../Engine/Content/EditorSounds/Notifications/CompileSuccess_Cue.uasset" 37
"../../../Engine/Content/EditorLandscapeResources/DataLayer.uasset" 38
"../../../Engine/Content/Animation/DefaultAnimCurveCompressionSettings.uasset" 39
"../../../Engine/Content/EngineMeshes/Sphere.uasset" 40
"../../../Engine/Content/EngineMaterials/DefaultMaterial.uasset" 41
"../../../Engine/Content/EngineMeshes/Cylinder.uasset" 42
"../../../Engine/Content/ArtTools/RenderToTexture/Meshes/S_1_Unit_Plane.uasset" 43
"../../../Engine/Content/EditorMaterials/Camera/CineMat.uasset" 44
"../../../Engine/Content/EditorMaterials/Camera/MI_CineMat_Rig.uasset" 45
"../../../Engine/Content/EditorMeshes/Camera/SM_CraneRig_Mount.uasset" 46
"../../../Engine/Content/EditorMeshes/Camera/SM_RailRig_Track.uasset" 47
"../../../Engine/Content/EditorMeshes/Camera/SM_RailRig_Mount.uasset" 48
"../../../Engine/Content/EditorMeshes/Camera/SM_CraneRig_Arm.uasset" 49
"../../../Engine/Content/EditorMeshes/Camera/SM_CraneRig_Body.uasset" 50
"../../../Engine/Content/EditorMeshes/Camera/SM_CraneRig_Base.uasset" 51
"../../../Engine/Content/Tutorial/ContentIntroCurve.uasset" 52
"../../../Engine/Content/Tutorial/Basics/LevelEditorAttract.uasset" 53
"../../../Engine/Content/Maps/Templates/Thumbnails/TimeOfDay.uasset" 54
"../../../Engine/Content/Maps/Templates/Thumbnails/VR-Basic.uasset" 55
"../../../Engine/Content/Maps/Templates/Thumbnails/Default.uasset" 56
"../../../Engine/Content/EngineDebugMaterials/DebugEditorMaterial.uasset" 57
"../../../Engine/Content/EngineDebugMaterials/M_SimpleUnlitTranslucent.uasset" 58
"../../../Engine/Content/EngineDebugMaterials/WireframeMaterial.uasset" 59
"../../../Engine/Content/EngineDebugMaterials/DebugMeshMaterial.uasset" 60
"../../../Engine/Content/Functions/Engine_MaterialFunctions02/Utility/CameraDirectionVector.uasset" 61
"../../../Engine/Content/EngineDebugMaterials/VolumeToRender.uasset" 62
"../../../Engine/Content/EngineDebugMaterials/M_VolumeRenderSphereTracePP.uasset" 63
"../../../Engine/Content/MobileResources/T_MobileMenu2.uasset" 64
"../../../Engine/Content/MobileResources/T_MobileControls_texture.uasset" 65
"../../../Engine/Content/MobileResources/HUD/MobileHUDButton2_off.uasset" 66
"../../../Engine/Content/MobileResources/HUD/MobileHUDButton3.uasset" 67
"../../../Engine/Content/MobileResources/HUD/VirtualJoystick_Background.uasset" 68
"../../../Engine/Content/MobileResources/HUD/VirtualJoystick_Thumb.uasset" 69
"../../../Engine/Content/MobileResources/HUD/LeftVirtualJoystickOnly.uasset" 70
"../../../Engine/Content/MobileResources/HUD/T_Castle_ThumbstickOutter.uasset" 71
"../../../Engine/Content/MobileResources/HUD/AnalogHat.uasset" 72
"../../../Engine/Content/MobileResources/HUD/MobileHUDDirectionPad3.uasset" 73
"../../../Engine/Content/MobileResources/HUD/MobileHUDDirectionStick.uasset" 74
"../../../Engine/Content/MobileResources/HUD/DefaultVirtualJoysticks.uasset" 75
"../../../Engine/Content/MobileResources/HUD/MobileHUDButton1_on.uasset" 76
"../../../Engine/Content/MobileResources/HUD/MobileHUDButton1_off.uasset" 77
"../../../Engine/Content/MobileResources/HUD/MobileHUDDirectionPad2.uasset" 78
"../../../Engine/Content/MobileResources/HUD/MobileHUDDirectionPad.uasset" 79
"../../../Engine/Content/MobileResources/HUD/MobileHUDButtonFire.uasset" 80
"../../../Engine/Content/MobileResources/HUD/MobileHUDButton2_on.uasset" 81
"../../../Engine/Content/MobileResources/HUD/T_Castle_ThumbstickInner.uasset" 82
"../../../Engine/Content/EditorMaterials/MAT_Groups_Toggle.uasset" 83
"../../../Engine/Content/EditorMaterials/MAT_Groups_Visibility.uasset" 84
"../../../Engine/Content/EditorMaterials/PreviewShadowIndicator.uasset" 85
"../../../Engine/Content/EditorMaterials/PreviewShadowIndicatorMaterial.uasset" 86
"../../../Engine/Content/EditorMaterials/MatineeGroups/MAT_Groups_Sound.uasset" 87
"../../../Engine/Content/EditorMaterials/MatineeGroups/MAT_Groups_Anim.uasset" 88
"../../../Engine/Content/EditorMaterials/MatineeGroups/MAT_Groups_Director.uasset" 89
"../../../Engine/Content/EditorMaterials/MatineeGroups/MAT_Groups_Move.uasset" 90
"../../../Engine/Content/EditorMaterials/MatineeGroups/MAT_Groups_Vector.uasset" 91
"../../../Engine/Content/EditorMaterials/MatineeGroups/MAT_Groups_Event.uasset" 92
"../../../Engine/Content/EditorMaterials/MatineeGroups/MAT_Groups_Slomo.uasset" 93
"../../../Engine/Content/EditorMaterials/MatineeGroups/MAT_Groups_Fade.uasset" 94
"../../../Engine/Content/EditorMaterials/MatineeGroups/MAT_ColorTrack.uasset" 95
"../../../Engine/Content/EditorMaterials/MatineeGroups/MAT_Groups_AudioMaster.uasset" 96
"../../../Engine/Content/EditorMaterials/MatineeGroups/MAT_Groups_Float.uasset" 97
"../../../Engine/Content/EditorMaterials/ParticleSystems/PSysThumbnail_OOD.uasset" 98
"../../../Engine/Content/EditorMaterials/ParticleSystems/PSysThumbnail_NoImage.uasset" 99
"../../../Engine/Content/EngineResources/Black.uasset" 100
"../../../Engine/Content/EngineResources/DefaultVolumeTexture2D.uasset" 101
"../../../Engine/Content/EngineResources/DefaultVolumeTexture.uasset" 102
"../../../Engine/Content/EngineResources/DefaultTexture.uasset" 103
"../../../Engine/Content/EngineResources/GradientTexture0.uasset" 104
"../../../Engine/Content/EngineResources/DefaultTextureCube.uasset" 105
"../../../Engine/Content/EngineFonts/Faces/DroidSansFallback.uasset" 106
"../../../Engine/Content/EngineFonts/Faces/RobotoBold.uasset" 107
"../../../Engine/Content/EngineFonts/Faces/RobotoBoldItalic.uasset" 108
"../../../Engine/Content/EngineFonts/Faces/RobotoItalic.uasset" 109
"../../../Engine/Content/EngineFonts/Faces/RobotoLight.uasset" 110
"../../../Engine/Content/EngineFonts/Faces/RobotoRegular.uasset" 111
"../../../Engine/Content/EngineFonts/Roboto.uasset" 112
"../../../Engine/Content/BasicShapes/Sphere.uasset" 113
"../../../Engine/Content/EngineDamageTypes/DmgTypeBP_Environmental.uasset" 114
"../../../Engine/Content/Functions/Engine_MaterialFunctions01/Shading/ConvertFromDiffSpec.uasset" 115
"../../../Engine/Content/Functions/Engine_MaterialFunctions01/Shading/PowerToRoughness.uasset" 116
"../../../Engine/Content/VREditor/LaserPointer/VR_LaserPower_01.uasset" 117
"../../../Engine/Content/VREditor/TransformGizmo/TransformGizmoMaterial.uasset" 118
"../../../Engine/Content/VREditor/TransformGizmo/TranslucentTransformGizmoMaterial.uasset" 119
"../../../Engine/Content/VREditor/TransformGizmo/BoundingBoxCorner.uasset" 120
"../../../Engine/Content/VREditor/TransformGizmo/BoundingBoxEdge.uasset" 121
"../../../Engine/Content/VREditor/TransformGizmo/PlaneTranslationHandle.uasset" 122
"../../../Engine/Content/VREditor/TransformGizmo/Main.uasset" 123
"../../../Engine/Content/VREditor/TransformGizmo/Xray.uasset" 124
"../../../Engine/Content/VREditor/TransformGizmo/SM_Sequencer_Key.uasset" 125
"../../../Engine/Content/VREditor/TransformGizmo/SM_Sequencer_Node.uasset" 126
"../../../Engine/Content/EngineSounds/Master.uasset" 127
"../../../Engine/Content/EditorResources/S_Solver.uasset" 128
"../../../Engine/Content/EditorResources/S_Trigger.uasset" 129
"../../../Engine/Content/EditorResources/EmptyActor.uasset" 130
"../../../Engine/Content/EditorResources/S_Note.uasset" 131
"../../../Engine/Content/EditorResources/S_Actor.uasset" 132
"../../../Engine/Content/EditorResources/BSPVertex.uasset" 133
"../../../Engine/Content/EditorResources/LightIcons/S_LightError.uasset" 134
"../../../Engine/Content/EditorResources/SequenceRecorder/Countdown.uasset" 135
"../../../Engine/Content/EditorResources/SequenceRecorder/RecordingIndicator.uasset" 136
"../../../Engine/Content/EngineResources/WhiteSquareTexture.uasset" 137
"../../../Engine/Content/EngineMaterials/Widget3DPassThrough.uasset" 138
"../../../Engine/Content/EngineMaterials/Widget3DPassThrough_Opaque.uasset" 139
"../../../Engine/Content/EngineMaterials/Widget3DPassThrough_Opaque_OneSided.uasset" 140
"../../../Engine/Content/EngineMaterials/DefaultDiffuse.uasset" 141
"../../../Engine/Content/EngineMaterials/DefaultDeferredDecalMaterial.uasset" 142
"../../../Engine/Content/EngineMaterials/Widget3DPassThrough_Masked_OneSided.uasset" 143
"../../../Engine/Content/EngineMaterials/DefaultWhiteGrid.uasset" 144
"../../../Engine/Content/EngineMaterials/DefaultBloomKernel.uasset" 145
"../../../Engine/Content/EngineMaterials/Widget3DPassThrough_Masked.uasset" 146
"../../../Engine/Content/EngineMaterials/WeightMapPlaceholderTexture.uasset" 147
"../../../Engine/Content/EngineMaterials/MiniFont.uasset" 148
"../../../Engine/Content/EngineMaterials/RemoveSurfaceMaterial.uasset" 149
"../../../Engine/Content/EngineMaterials/Good64x64TilingNoiseHighFreq.uasset" 150
"../../../Engine/Content/EngineMaterials/Widget3DPassThrough_Translucent.uasset" 151
"../../../Engine/Content/EngineMaterials/Widget3DPassThrough_Translucent_OneSided.uasset" 152
"../../../Engine/Content/EngineMaterials/DefaultBokeh.uasset" 153
"../../../Engine/Content/EngineMaterials/PreintegratedSkinBRDF.uasset" 154
"../../../Engine/Content/EngineMaterials/DefaultPhysicalMaterial.uasset" 155
"../../../Engine/Content/EngineMaterials/InvalidLightmapSettings.uasset" 156
"../../../Engine/Content/EngineMaterials/M_InvalidLightmapSettings.uasset" 157
"../../../Engine/Content/EngineMaterials/GizmoMaterial.uasset" 158
"../../../Engine/Content/EngineMaterials/BlueNoise.uasset" 159
"../../../Engine/Content/Functions/Engine_MaterialFunctions02/Utility/BreakOutFloat2Components.uasset" 160
"../../../Engine/Content/EngineMaterials/DefaultPostProcessMaterial.uasset" 161
"../../../Engine/Content/Functions/Engine_MaterialFunctions02/WorldPositionOffset/CameraOffset.uasset" 162
"../../../Engine/Content/EngineMaterials/PhAT_JointLimitMaterial.uasset" 163
"../../../Engine/Content/EngineFonts/RobotoDistanceField.uasset" 164
"../../../Engine/Content/EngineMaterials/DefaultTextMaterialOpaque.uasset" 165
"../../../Engine/Content/EngineMaterials/DefaultWhiteGrid_Low.uasset" 166
"../../../Engine/Content/EngineMaterials/EmissiveMeshMaterial.uasset" 167
"../../../Engine/Content/EngineMaterials/DefaultLightFunctionMaterial.uasset" 168
"../../../Engine/Content/EngineMaterials/BaseFlattenDiffuseMap.uasset" 169
"../../../Engine/Content/EngineMaterials/BaseFlattenEmissiveMap.uasset" 170
"../../../Engine/Content/EngineMaterials/BaseFlattenGrayscaleMap.uasset" 171
"../../../Engine/Content/EngineMaterials/BaseFlattenNormalMap.uasset" 172
"../../../Engine/Content/EngineMaterials/BaseFlattenMaterial.uasset" 173
"../../Plugins/Compositing/Composure/Content/Textures/Debug/T_DisabledElement.uasset" 174
"../../Plugins/Compositing/Composure/Content/Textures/Debug/T_CompilerError.uasset" 175
"../../Plugins/Compositing/Composure/Content/Textures/Debug/T_SuspendedElement.uasset" 176
"../../Plugins/Compositing/Composure/Content/Textures/Debug/T_EmptyElement.uasset" 177
"../../Plugins/Compositing/Composure/Content/Materials/Compositing/M_AlphaScale.uasset" 178
"../../Plugins/Compositing/Composure/Content/Materials/Compositing/PreMult.uasset" 179
"../../Plugins/Compositing/Composure/Content/Materials/Compositing/UnpreMult.uasset" 180
"../../../Engine/Content/Functions/Engine_MaterialFunctions01/Chromakeying/RGBtoHSV.uasset" 181
"../../../Engine/Content/Functions/Engine_MaterialFunctions02/SmoothStep.uasset" 182
"../../../Engine/Content/Functions/Engine_MaterialFunctions02/PivotPainter2/Black_1x1_EXR_Texture.uasset" 183
"../../Plugins/Compositing/Composure/Content/Materials/ChromaKeying/M_SinglePassDespill.uasset" 184
"../../Plugins/Compositing/Composure/Content/Materials/ChromaKeying/Bias.uasset" 185
"../../Plugins/Compositing/Composure/Content/Materials/ChromaKeying/MF_KeyColorMask.uasset" 186
"../../Plugins/Compositing/Composure/Content/Materials/Compositing/Radial.uasset" 187
"../../../Engine/Content/Functions/Engine_MaterialFunctions02/SplitComponents.uasset" 188
"../../../Engine/Content/Functions/Engine_MaterialFunctions02/Utility/MakeFloat3.uasset" 189
"../../../Engine/Content/Functions/Engine_MaterialFunctions01/Chromakeying/DespillByAvg.uasset" 190
"../../Plugins/Compositing/Composure/Content/Materials/ChromaKeying/M_SinglePassChromaKeyer.uasset" 191
"../../Plugins/Compositing/Composure/Content/Materials/Media/T_EmptyMediaTexture.uasset" 192
"../../Plugins/Compositing/Composure/Content/Materials/Media/M_VideoPlateDefault.uasset" 193
"../../Plugins/Compositing/Composure/Content/Materials/Media/M_StaticVideoPlateDebug.uasset" 194
"../../Plugins/Compositing/Composure/Content/Materials/ReplaceTonemapper/ComposureReplaceTonemapperComposeBloom.uasset" 195
"../../Plugins/Compositing/Composure/Content/Materials/ReplaceTonemapper/ComposureReplaceTonemapperByTexture.uasset" 196
"../../Plugins/Compositing/Composure/Content/Materials/PassSetup/ComposureSimpleSetupMaterial.uasset" 197
"../../Plugins/Compositing/Composure/Content/Materials/PassSetup/ComposureBeforeTranslucencySetBlack.uasset" 198
"../../Plugins/2D/Paper2D/Content/PlaceholderTextures/DummySpriteTexture.uasset" 199
"../../Plugins/2D/Paper2D/Content/DummySprite.uasset" 200
"../../Plugins/2D/Paper2D/Content/DefaultPaperTerrainMaterial.uasset" 201
"../../Plugins/2D/Paper2D/Content/DefaultSpriteMaterial.uasset" 202
"../../Plugins/2D/Paper2D/Content/MaskedUnlitSpriteMaterial.uasset" 203
"../../Plugins/2D/Paper2D/Content/OpaqueUnlitSpriteMaterial.uasset" 204
"../../Plugins/Runtime/nDisplay/Content/TestPatterns/Animated/M_TPAChevron.uasset" 205
"../../Plugins/Runtime/nDisplay/Content/TestPatterns/Animated/M_TPAMirroredChevron.uasset" 206
"../../Plugins/Runtime/nDisplay/Content/TestPatterns/Animated/M_TPARadar.uasset" 207
"../../Plugins/Runtime/nDisplay/Content/TestPatterns/Animated/M_TPAGrid.uasset" 208
"../../Plugins/Runtime/nDisplay/Content/TestPatterns/Animated/M_TPAStrips.uasset" 209
"../../Plugins/Runtime/nDisplay/Content/TestPatterns/Statics/M_TPSColoredBars.uasset" 210
"../../Plugins/Runtime/nDisplay/Content/TestPatterns/Statics/M_TPSGridCircles.uasset" 211
"../../Plugins/Runtime/nDisplay/Content/TestPatterns/Statics/M_TPSGrayBars.uasset" 212
"../../Plugins/Runtime/nDisplay/Content/TestPatterns/Statics/M_TPSCircles.uasset" 213
"../../Plugins/FX/Niagara/Content/Enums/ENiagaraOrientationAxis.uasset" 214
"../../Plugins/FX/Niagara/Content/Enums/ENiagaraRandomnessMode.uasset" 215
"../../Plugins/FX/Niagara/Content/Enums/ENiagaraExpansionMode.uasset" 216
"../../Plugins/FX/Niagara/Content/Enums/ENiagaraBooleanLogicOps.uasset" 217
"../../Plugins/FX/Niagara/Content/Enums/ENiagaraCoordinateSpace.uasset" 218
"../../../Engine/Content/EditorBlueprintResources/StandardMacros.uasset" 219
"../../../Engine/Content/EngineSky/C_Sky_Cloud_Color.uasset" 220
"../../../Engine/Content/EngineSky/C_Sky_Horizon_Color.uasset" 221
"../../../Engine/Content/EngineSky/C_Sky_Zenith_Color.uasset" 222
"../../../Engine/Content/EngineSky/T_Sky_Blue.uasset" 223
"../../../Engine/Content/EngineSky/T_Sky_Clouds_M.uasset" 224
"../../../Engine/Content/EngineSky/T_Sky_Stars.uasset" 225
"../../../Engine/Content/EngineSky/M_Sky_Panning_Clouds2.uasset" 226
"../../../Engine/Content/EngineSky/SM_SkySphere.uasset" 227
"../../../Engine/Content/EngineSky/BP_Sky_Sphere.uasset" 228
"../../Plugins/UTSDataArena/Content/ParentBlueprints/DA_SpaceNav.uasset" 229
"../../Plugins/UTSDataArena/Content/Camera/SpaceNavCamera.uasset" 230
"../../Plugins/UTSDataArena/Content/ParentBlueprints/DA_Tracker.uasset" 231
"../../Plugins/UTSDataArena/Content/TrackerCursor/Materials/Crosshair.uasset" 232
"../../Plugins/UTSDataArena/Content/TrackerCursor/Materials/TextMaterial.uasset" 233
"../../../Engine/Content/BasicShapes/Plane.uasset" 234
"../../Plugins/UTSDataArena/Content/TrackerCursor/TrackerCursor.uasset" 235
"../../../../../../../../../../touro/thomas/ue/projects/4.25.2/DA_HelloWorld/Content/Main_BuiltData.uasset" 236
"../../../Engine/Content/Functions/Engine_MaterialFunctions02/Utility/MakeFloat4.uasset" 237
"../../Plugins/UTSDataArena/Content/TrackerCursor/Materials/WhiteOutline.uasset" 238
"../../../../../../../../../../touro/thomas/ue/projects/4.25.2/DA_HelloWorld/Content/Green.uasset" 239
"../../../../../../../../../../touro/thomas/ue/projects/4.25.2/DA_HelloWorld/Content/Purple.uasset" 240
"../../../Engine/Content/BasicShapes/Cone.uasset" 241
"../../../Engine/Content/BasicShapes/Cube.uasset" 242
"../../../Engine/Content/BasicShapes/Cylinder.uasset" 243
"../../../Engine/Content/MapTemplates/SM_Template_Map_Floor.uasset" 244
"../../../../../../../../../../touro/thomas/ue/projects/4.25.2/DA_HelloWorld/Content/Main.umap" 245
"../../../Engine/Content/Maps/Entry_BuiltData.uasset" 246
"../../../Engine/Content/Maps/Entry.umap" 247
